TN:
SF:C:\xampp\htdocs\sendit-andela\server\build\models\app.js
FN:7,(anonymous_0)
FN:7,defineProperties
FN:7,(anonymous_2)
FN:13,_interopRequireDefault
FN:15,_classCallCheck
FN:17,(anonymous_5)
FN:18,App
FN:31,readDataFile
FN:47,writeDataFile
FNF:9
FNH:8
FNDA:1,(anonymous_0)
FNDA:1,defineProperties
FNDA:1,(anonymous_2)
FNDA:1,_interopRequireDefault
FNDA:1,_classCallCheck
FNDA:1,(anonymous_5)
FNDA:1,App
FNDA:18,readDataFile
FNDA:0,writeDataFile
DA:3,1
DA:7,2
DA:9,1
DA:11,1
DA:13,1
DA:15,1
DA:17,1
DA:19,1
DA:22,1
DA:32,18
DA:33,18
DA:35,18
DA:48,0
DA:49,0
DA:53,1
DA:56,1
LF:16
LH:14
BRDA:7,0,0,2
BRDA:7,0,1,2
BRDA:7,1,0,2
BRDA:7,1,1,0
BRDA:7,2,0,1
BRDA:7,2,1,0
BRDA:7,3,0,0
BRDA:7,3,1,1
BRDA:13,4,0,0
BRDA:13,4,1,1
BRDA:13,5,0,1
BRDA:13,5,1,1
BRDA:15,6,0,0
BRDA:15,6,1,1
BRF:14
BRH:9
end_of_record
TN:
SF:C:\xampp\htdocs\sendit-andela\server\build\models\user.js
FN:7,(anonymous_0)
FN:7,defineProperties
FN:7,(anonymous_2)
FN:21,_interopRequireDefault
FN:23,_classCallCheck
FN:28,(anonymous_5)
FN:29,User
FN:54,createUser
FN:69,(anonymous_8)
FN:98,getUser
FN:106,(anonymous_10)
FN:124,getUserIdByEmail
FN:132,(anonymous_12)
FN:147,setUserId
FN:158,getUserId
FN:171,isTokenValid
FN:173,(anonymous_16)
FN:189,getUserIdByToken
FN:191,(anonymous_18)
FN:207,getEncryptedToken
FN:230,editParcelDestination
FN:234,(anonymous_21)
FN:263,cancelParcel
FN:267,(anonymous_23)
FN:295,getParcelNumber
FN:300,(anonymous_25)
FN:305,(anonymous_26)
FNF:27
FNH:27
FNDA:1,(anonymous_0)
FNDA:1,defineProperties
FNDA:1,(anonymous_2)
FNDA:3,_interopRequireDefault
FNDA:1,_classCallCheck
FNDA:1,(anonymous_5)
FNDA:1,User
FNDA:2,createUser
FNDA:8,(anonymous_8)
FNDA:3,getUser
FNDA:21,(anonymous_10)
FNDA:3,getUserIdByEmail
FNDA:21,(anonymous_12)
FNDA:4,setUserId
FNDA:4,getUserId
FNDA:2,isTokenValid
FNDA:14,(anonymous_16)
FNDA:2,getUserIdByToken
FNDA:14,(anonymous_18)
FNDA:4,getEncryptedToken
FNDA:1,editParcelDestination
FNDA:6,(anonymous_21)
FNDA:1,cancelParcel
FNDA:6,(anonymous_23)
FNDA:4,getParcelNumber
FNDA:18,(anonymous_25)
FNDA:6,(anonymous_26)
DA:3,1
DA:7,11
DA:9,1
DA:11,1
DA:13,1
DA:15,1
DA:17,1
DA:19,1
DA:21,3
DA:23,1
DA:25,1
DA:26,1
DA:28,1
DA:30,1
DA:32,1
DA:33,1
DA:35,1
DA:36,1
DA:37,1
DA:38,1
DA:52,1
DA:55,2
DA:56,2
DA:57,2
DA:58,2
DA:67,2
DA:69,2
DA:70,8
DA:73,2
DA:74,1
DA:77,1
DA:78,1
DA:81,0
DA:82,0
DA:83,0
DA:85,1
DA:99,3
DA:101,3
DA:102,3
DA:104,3
DA:106,3
DA:107,21
DA:108,1
DA:112,3
DA:125,3
DA:127,3
DA:128,3
DA:129,3
DA:132,3
DA:133,21
DA:134,1
DA:138,3
DA:148,4
DA:159,4
DA:172,2
DA:173,2
DA:174,14
DA:177,2
DA:190,2
DA:191,2
DA:192,14
DA:195,2
DA:208,4
DA:209,2
DA:211,2
DA:213,2
DA:214,2
DA:216,2
DA:232,1
DA:234,1
DA:235,6
DA:238,1
DA:239,1
DA:242,0
DA:243,0
DA:247,0
DA:249,0
DA:250,0
DA:265,1
DA:267,1
DA:268,6
DA:271,1
DA:272,1
DA:275,0
DA:276,0
DA:280,0
DA:282,0
DA:283,0
DA:296,4
DA:299,4
DA:300,3
DA:301,18
DA:303,3
DA:305,1
DA:306,6
DA:308,1
DA:312,1
DA:315,1
LF:98
LH:85
BRDA:7,0,0,11
BRDA:7,0,1,11
BRDA:7,1,0,11
BRDA:7,1,1,0
BRDA:7,2,0,1
BRDA:7,2,1,0
BRDA:7,3,0,0
BRDA:7,3,1,1
BRDA:21,4,0,1
BRDA:21,4,1,2
BRDA:21,5,0,3
BRDA:21,5,1,3
BRDA:23,6,0,0
BRDA:23,6,1,1
BRDA:73,7,0,1
BRDA:73,7,1,1
BRDA:73,8,0,2
BRDA:73,8,1,1
BRDA:73,8,2,1
BRDA:73,8,3,1
BRDA:77,9,0,1
BRDA:77,9,1,0
BRDA:107,10,0,1
BRDA:107,10,1,20
BRDA:107,11,0,21
BRDA:107,11,1,1
BRDA:133,12,0,1
BRDA:133,12,1,20
BRDA:195,13,0,0
BRDA:195,13,1,2
BRDA:208,14,0,2
BRDA:208,14,1,2
BRDA:235,15,0,6
BRDA:235,15,1,0
BRDA:238,16,0,1
BRDA:238,16,1,0
BRDA:238,17,0,1
BRDA:238,17,1,0
BRDA:238,17,2,0
BRDA:242,18,0,0
BRDA:242,18,1,0
BRDA:242,19,0,0
BRDA:242,19,1,0
BRDA:268,20,0,6
BRDA:268,20,1,0
BRDA:271,21,0,1
BRDA:271,21,1,0
BRDA:271,22,0,1
BRDA:271,22,1,0
BRDA:275,23,0,0
BRDA:275,23,1,0
BRDA:275,24,0,0
BRDA:275,24,1,0
BRDA:299,25,0,3
BRDA:299,25,1,1
BRDA:301,26,0,18
BRDA:301,26,1,12
BRF:57
BRH:36
end_of_record
TN:
SF:C:\xampp\htdocs\sendit-andela\server\build\test-cov\models.test.js
FN:15,_interopRequireDefault
FN:37,(anonymous_1)
FN:39,(anonymous_2)
FN:40,(anonymous_3)
FN:44,(anonymous_4)
FN:48,(anonymous_5)
FN:52,(anonymous_6)
FN:57,(anonymous_7)
FN:61,(anonymous_8)
FN:65,(anonymous_9)
FN:69,(anonymous_10)
FN:73,(anonymous_11)
FN:82,(anonymous_12)
FN:83,(anonymous_13)
FN:89,(anonymous_14)
FN:90,(anonymous_15)
FN:97,(anonymous_16)
FN:98,(anonymous_17)
FN:116,(anonymous_18)
FN:118,(anonymous_19)
FN:119,(anonymous_20)
FN:120,(anonymous_21)
FN:133,(anonymous_22)
FN:134,(anonymous_23)
FN:138,(anonymous_24)
FN:144,(anonymous_25)
FN:148,(anonymous_26)
FN:156,(anonymous_27)
FN:157,(anonymous_28)
FN:160,(anonymous_29)
FN:166,(anonymous_30)
FN:169,(anonymous_31)
FN:176,(anonymous_32)
FN:177,(anonymous_33)
FN:183,(anonymous_34)
FN:184,(anonymous_35)
FN:190,(anonymous_36)
FN:191,(anonymous_37)
FN:197,(anonymous_38)
FN:198,(anonymous_39)
FN:201,(anonymous_40)
FN:207,(anonymous_41)
FN:210,(anonymous_42)
FN:216,(anonymous_43)
FN:219,(anonymous_44)
FN:225,(anonymous_45)
FN:228,(anonymous_46)
FNF:47
FNH:47
FNDA:3,_interopRequireDefault
FNDA:1,(anonymous_1)
FNDA:1,(anonymous_2)
FNDA:1,(anonymous_3)
FNDA:1,(anonymous_4)
FNDA:1,(anonymous_5)
FNDA:1,(anonymous_6)
FNDA:1,(anonymous_7)
FNDA:1,(anonymous_8)
FNDA:1,(anonymous_9)
FNDA:1,(anonymous_10)
FNDA:1,(anonymous_11)
FNDA:1,(anonymous_12)
FNDA:1,(anonymous_13)
FNDA:1,(anonymous_14)
FNDA:1,(anonymous_15)
FNDA:1,(anonymous_16)
FNDA:1,(anonymous_17)
FNDA:1,(anonymous_18)
FNDA:1,(anonymous_19)
FNDA:1,(anonymous_20)
FNDA:1,(anonymous_21)
FNDA:1,(anonymous_22)
FNDA:1,(anonymous_23)
FNDA:1,(anonymous_24)
FNDA:1,(anonymous_25)
FNDA:1,(anonymous_26)
FNDA:1,(anonymous_27)
FNDA:1,(anonymous_28)
FNDA:1,(anonymous_29)
FNDA:1,(anonymous_30)
FNDA:1,(anonymous_31)
FNDA:1,(anonymous_32)
FNDA:1,(anonymous_33)
FNDA:1,(anonymous_34)
FNDA:1,(anonymous_35)
FNDA:1,(anonymous_36)
FNDA:1,(anonymous_37)
FNDA:1,(anonymous_38)
FNDA:1,(anonymous_39)
FNDA:1,(anonymous_40)
FNDA:1,(anonymous_41)
FNDA:1,(anonymous_42)
FNDA:1,(anonymous_43)
FNDA:1,(anonymous_44)
FNDA:1,(anonymous_45)
FNDA:1,(anonymous_46)
DA:3,1
DA:5,1
DA:7,1
DA:9,1
DA:11,1
DA:13,1
DA:15,3
DA:17,1
DA:18,1
DA:22,1
DA:24,1
DA:26,1
DA:37,1
DA:39,1
DA:40,1
DA:41,1
DA:44,1
DA:45,1
DA:48,1
DA:49,1
DA:52,1
DA:53,1
DA:54,1
DA:57,1
DA:58,1
DA:61,1
DA:62,1
DA:65,1
DA:66,1
DA:69,1
DA:70,1
DA:73,1
DA:74,1
DA:82,1
DA:83,1
DA:84,1
DA:89,1
DA:90,1
DA:91,1
DA:92,1
DA:93,1
DA:97,1
DA:98,1
DA:99,1
DA:100,1
DA:101,1
DA:102,1
DA:103,1
DA:104,1
DA:105,1
DA:106,1
DA:107,1
DA:108,1
DA:109,1
DA:116,1
DA:118,1
DA:119,1
DA:120,1
DA:121,1
DA:122,1
DA:123,1
DA:124,1
DA:126,1
DA:127,1
DA:133,1
DA:134,1
DA:135,1
DA:136,1
DA:138,1
DA:139,1
DA:140,1
DA:144,1
DA:145,1
DA:146,1
DA:148,1
DA:149,1
DA:150,1
DA:156,1
DA:157,1
DA:158,1
DA:160,1
DA:161,1
DA:162,1
DA:166,1
DA:167,1
DA:169,1
DA:170,1
DA:171,1
DA:176,1
DA:177,1
DA:178,1
DA:179,1
DA:183,1
DA:184,1
DA:185,1
DA:186,1
DA:190,1
DA:191,1
DA:192,1
DA:193,1
DA:197,1
DA:198,1
DA:199,1
DA:200,1
DA:201,1
DA:202,1
DA:203,1
DA:207,1
DA:208,1
DA:209,1
DA:210,1
DA:211,1
DA:212,1
DA:216,1
DA:217,1
DA:218,1
DA:219,1
DA:220,1
DA:221,1
DA:225,1
DA:226,1
DA:227,1
DA:228,1
DA:229,1
DA:230,1
LF:125
LH:125
BRDA:15,0,0,1
BRDA:15,0,1,2
BRDA:15,1,0,3
BRDA:15,1,1,3
BRF:4
BRH:4
end_of_record
