TN:
SF:C:\xampp\htdocs\sendit-andela\server\build\app.js
FN:19,_interopRequireDefault
FN:34,(anonymous_1)
FN:49,(anonymous_2)
FN:56,(anonymous_3)
FNF:4
FNH:2
FNDA:4,_interopRequireDefault
FNDA:2,(anonymous_1)
FNDA:0,(anonymous_2)
FNDA:0,(anonymous_3)
DA:3,1
DA:5,1
DA:7,1
DA:9,1
DA:11,1
DA:13,1
DA:15,1
DA:17,1
DA:19,4
DA:21,1
DA:22,1
DA:25,1
DA:28,1
DA:31,1
DA:34,1
DA:35,2
DA:36,2
DA:38,2
DA:39,0
DA:40,0
DA:42,2
DA:46,1
DA:49,1
DA:50,0
DA:51,0
DA:52,0
DA:56,1
DA:57,0
DA:58,0
DA:63,0
DA:66,1
LF:31
LH:23
BRDA:19,0,0,0
BRDA:19,0,1,4
BRDA:19,1,0,4
BRDA:19,1,1,4
BRDA:38,2,0,0
BRDA:38,2,1,2
BRDA:57,3,0,0
BRDA:57,3,1,0
BRF:8
BRH:4
end_of_record
TN:
SF:C:\xampp\htdocs\sendit-andela\server\build\controllers\auth.js
FN:7,(anonymous_0)
FN:7,defineProperties
FN:7,(anonymous_2)
FN:14,_interopRequireDefault
FN:16,_classCallCheck
FN:18,(anonymous_5)
FN:19,AuthCtrl
FN:25,userSignUp
FNF:8
FNH:6
FNDA:1,(anonymous_0)
FNDA:1,defineProperties
FNDA:1,(anonymous_2)
FNDA:1,_interopRequireDefault
FNDA:0,_classCallCheck
FNDA:1,(anonymous_5)
FNDA:0,AuthCtrl
FNDA:2,userSignUp
DA:3,1
DA:7,1
DA:10,1
DA:12,1
DA:14,1
DA:16,0
DA:18,1
DA:20,0
DA:23,1
DA:26,2
DA:27,2
DA:28,2
DA:29,2
DA:30,2
DA:33,2
DA:34,1
DA:39,1
DA:40,1
DA:42,1
DA:43,1
DA:48,0
DA:57,1
DA:60,1
LF:23
LH:20
BRDA:7,0,0,1
BRDA:7,0,1,1
BRDA:7,1,0,1
BRDA:7,1,1,0
BRDA:7,2,0,0
BRDA:7,2,1,1
BRDA:7,3,0,1
BRDA:7,3,1,0
BRDA:14,4,0,1
BRDA:14,4,1,0
BRDA:14,5,0,1
BRDA:14,5,1,1
BRDA:16,6,0,0
BRDA:16,6,1,0
BRDA:33,7,0,1
BRDA:33,7,1,1
BRDA:33,8,0,2
BRDA:33,8,1,1
BRDA:33,8,2,1
BRDA:33,8,3,1
BRDA:42,9,0,1
BRDA:42,9,1,0
BRF:22
BRH:15
end_of_record
TN:
SF:C:\xampp\htdocs\sendit-andela\server\build\models\admin.js
FN:7,(anonymous_0)
FN:7,defineProperties
FN:7,(anonymous_2)
FN:17,_interopRequireDefault
FN:19,_classCallCheck
FN:24,(anonymous_5)
FN:25,Admin
FN:46,getAdmin
FN:54,(anonymous_8)
FN:72,getAdminIdByEmail
FN:79,(anonymous_10)
FN:97,isTokenValid
FN:99,(anonymous_12)
FN:115,getAdminIdByToken
FN:117,(anonymous_14)
FN:134,editParcel
FN:145,(anonymous_16)
FN:169,getParcelNumber
FN:174,(anonymous_18)
FNF:19
FNH:18
FNDA:1,(anonymous_0)
FNDA:1,defineProperties
FNDA:1,(anonymous_2)
FNDA:2,_interopRequireDefault
FNDA:1,_classCallCheck
FNDA:1,(anonymous_5)
FNDA:1,Admin
FNDA:2,getAdmin
FNDA:2,(anonymous_8)
FNDA:2,getAdminIdByEmail
FNDA:2,(anonymous_10)
FNDA:2,isTokenValid
FNDA:2,(anonymous_12)
FNDA:2,getAdminIdByToken
FNDA:2,(anonymous_14)
FNDA:1,editParcel
FNDA:6,(anonymous_16)
FNDA:1,getParcelNumber
FNDA:0,(anonymous_18)
DA:3,1
DA:7,6
DA:9,1
DA:11,1
DA:13,1
DA:15,1
DA:17,2
DA:19,1
DA:21,1
DA:22,1
DA:24,1
DA:26,1
DA:28,1
DA:29,1
DA:31,1
DA:32,1
DA:44,1
DA:47,2
DA:49,2
DA:50,2
DA:52,2
DA:54,2
DA:55,2
DA:56,0
DA:60,2
DA:73,2
DA:75,2
DA:76,2
DA:77,2
DA:79,2
DA:80,2
DA:81,0
DA:85,2
DA:98,2
DA:99,2
DA:100,2
DA:103,2
DA:116,2
DA:117,2
DA:118,2
DA:121,2
DA:135,1
DA:138,1
DA:139,1
DA:143,1
DA:145,1
DA:146,6
DA:149,1
DA:150,1
DA:154,0
DA:155,0
DA:157,0
DA:158,0
DA:170,1
DA:173,1
DA:174,0
DA:175,0
DA:177,0
DA:179,1
DA:183,1
DA:186,1
LF:61
LH:52
BRDA:7,0,0,6
BRDA:7,0,1,6
BRDA:7,1,0,6
BRDA:7,1,1,0
BRDA:7,2,0,1
BRDA:7,2,1,0
BRDA:7,3,0,0
BRDA:7,3,1,1
BRDA:17,4,0,1
BRDA:17,4,1,1
BRDA:17,5,0,2
BRDA:17,5,1,2
BRDA:19,6,0,0
BRDA:19,6,1,1
BRDA:55,7,0,0
BRDA:55,7,1,2
BRDA:55,8,0,2
BRDA:55,8,1,0
BRDA:80,9,0,0
BRDA:80,9,1,2
BRDA:121,10,0,0
BRDA:121,10,1,2
BRDA:135,11,0,0
BRDA:135,11,1,1
BRDA:135,12,0,1
BRDA:135,12,1,0
BRDA:149,13,0,1
BRDA:149,13,1,0
BRDA:149,14,0,1
BRDA:149,14,1,0
BRDA:149,14,2,0
BRDA:149,14,3,0
BRDA:173,15,0,0
BRDA:173,15,1,1
BRF:34
BRH:19
end_of_record
TN:
SF:C:\xampp\htdocs\sendit-andela\server\build\models\app.js
FN:7,(anonymous_0)
FN:7,defineProperties
FN:7,(anonymous_2)
FN:13,_interopRequireDefault
FN:15,_classCallCheck
FN:17,(anonymous_5)
FN:18,App
FN:31,readDataFile
FN:47,writeDataFile
FNF:9
FNH:9
FNDA:1,(anonymous_0)
FNDA:1,defineProperties
FNDA:1,(anonymous_2)
FNDA:1,_interopRequireDefault
FNDA:5,_classCallCheck
FNDA:1,(anonymous_5)
FNDA:5,App
FNDA:37,readDataFile
FNDA:1,writeDataFile
DA:3,1
DA:7,2
DA:9,1
DA:11,1
DA:13,1
DA:15,5
DA:17,1
DA:19,5
DA:22,1
DA:32,37
DA:33,36
DA:35,36
DA:48,1
DA:49,0
DA:53,1
DA:56,1
LF:16
LH:15
BRDA:7,0,0,2
BRDA:7,0,1,2
BRDA:7,1,0,2
BRDA:7,1,1,0
BRDA:7,2,0,1
BRDA:7,2,1,0
BRDA:7,3,0,0
BRDA:7,3,1,1
BRDA:13,4,0,0
BRDA:13,4,1,1
BRDA:13,5,0,1
BRDA:13,5,1,1
BRDA:15,6,0,0
BRDA:15,6,1,5
BRF:14
BRH:9
end_of_record
TN:
SF:C:\xampp\htdocs\sendit-andela\server\build\models\parcel.js
FN:7,(anonymous_0)
FN:7,defineProperties
FN:7,(anonymous_2)
FN:17,_interopRequireDefault
FN:19,_classCallCheck
FN:29,(anonymous_5)
FN:30,Parcel
FN:51,createParcel
FN:92,getAllParcel
FN:106,getAllParcelByUser
FN:109,(anonymous_10)
FN:128,getParcelById
FN:131,(anonymous_12)
FN:149,getParcelPrice
FN:161,setOrderId
FN:172,getOrderId
FNF:16
FNH:14
FNDA:1,(anonymous_0)
FNDA:1,defineProperties
FNDA:1,(anonymous_2)
FNDA:2,_interopRequireDefault
FNDA:1,_classCallCheck
FNDA:1,(anonymous_5)
FNDA:1,Parcel
FNDA:1,createParcel
FNDA:2,getAllParcel
FNDA:2,getAllParcelByUser
FNDA:12,(anonymous_10)
FNDA:0,getParcelById
FNDA:0,(anonymous_12)
FNDA:3,getParcelPrice
FNDA:2,setOrderId
FNDA:2,getOrderId
DA:3,1
DA:7,7
DA:9,1
DA:11,1
DA:13,1
DA:15,1
DA:17,2
DA:19,1
DA:21,1
DA:23,1
DA:29,1
DA:31,1
DA:33,1
DA:34,1
DA:49,1
DA:52,1
DA:54,1
DA:55,1
DA:56,1
DA:57,1
DA:59,1
DA:74,1
DA:75,1
DA:77,0
DA:80,0
DA:81,0
DA:82,0
DA:93,2
DA:94,2
DA:107,2
DA:109,2
DA:110,12
DA:113,2
DA:114,2
DA:116,0
DA:129,0
DA:131,0
DA:132,0
DA:135,0
DA:136,0
DA:138,0
DA:150,3
DA:151,3
DA:152,3
DA:162,2
DA:173,2
DA:177,1
DA:180,1
LF:48
LH:37
BRDA:7,0,0,7
BRDA:7,0,1,7
BRDA:7,1,0,7
BRDA:7,1,1,0
BRDA:7,2,0,1
BRDA:7,2,1,0
BRDA:7,3,0,0
BRDA:7,3,1,1
BRDA:17,4,0,1
BRDA:17,4,1,1
BRDA:17,5,0,2
BRDA:17,5,1,2
BRDA:19,6,0,0
BRDA:19,6,1,1
BRDA:74,7,0,1
BRDA:74,7,1,0
BRDA:74,8,0,1
BRDA:74,8,1,0
BRDA:74,8,2,0
BRDA:74,8,3,0
BRDA:74,8,4,0
BRDA:74,8,5,0
BRDA:113,9,0,2
BRDA:113,9,1,0
BRDA:135,10,0,0
BRDA:135,10,1,0
BRF:26
BRH:13
end_of_record
TN:
SF:C:\xampp\htdocs\sendit-andela\server\build\models\user.js
FN:7,(anonymous_0)
FN:7,defineProperties
FN:7,(anonymous_2)
FN:21,_interopRequireDefault
FN:23,_classCallCheck
FN:28,(anonymous_5)
FN:29,User
FN:54,createUser
FN:69,(anonymous_8)
FN:98,getUser
FN:106,(anonymous_10)
FN:124,getUserIdByEmail
FN:132,(anonymous_12)
FN:147,setUserId
FN:158,getUserId
FN:171,isTokenValid
FN:173,(anonymous_16)
FN:189,getUserIdByToken
FN:191,(anonymous_18)
FN:207,getEncryptedToken
FN:230,editParcelDestination
FN:234,(anonymous_21)
FN:263,cancelParcel
FN:267,(anonymous_23)
FN:295,getParcelNumber
FN:300,(anonymous_25)
FN:305,(anonymous_26)
FNF:27
FNH:27
FNDA:1,(anonymous_0)
FNDA:1,defineProperties
FNDA:1,(anonymous_2)
FNDA:3,_interopRequireDefault
FNDA:2,_classCallCheck
FNDA:1,(anonymous_5)
FNDA:2,User
FNDA:3,createUser
FNDA:9,(anonymous_8)
FNDA:3,getUser
FNDA:21,(anonymous_10)
FNDA:3,getUserIdByEmail
FNDA:21,(anonymous_12)
FNDA:5,setUserId
FNDA:5,getUserId
FNDA:2,isTokenValid
FNDA:14,(anonymous_16)
FNDA:2,getUserIdByToken
FNDA:14,(anonymous_18)
FNDA:5,getEncryptedToken
FNDA:1,editParcelDestination
FNDA:6,(anonymous_21)
FNDA:1,cancelParcel
FNDA:6,(anonymous_23)
FNDA:4,getParcelNumber
FNDA:18,(anonymous_25)
FNDA:6,(anonymous_26)
DA:3,1
DA:7,11
DA:9,1
DA:11,1
DA:13,1
DA:15,1
DA:17,1
DA:19,1
DA:21,3
DA:23,2
DA:25,1
DA:26,1
DA:28,1
DA:30,2
DA:32,2
DA:33,2
DA:35,2
DA:36,2
DA:37,2
DA:38,2
DA:52,1
DA:55,3
DA:56,3
DA:57,3
DA:58,3
DA:67,3
DA:69,3
DA:70,9
DA:73,3
DA:74,1
DA:77,2
DA:78,2
DA:81,0
DA:82,0
DA:83,0
DA:85,2
DA:99,3
DA:101,3
DA:102,3
DA:104,3
DA:106,3
DA:107,21
DA:108,1
DA:112,3
DA:125,3
DA:127,3
DA:128,3
DA:129,3
DA:132,3
DA:133,21
DA:134,1
DA:138,3
DA:148,5
DA:159,5
DA:172,2
DA:173,2
DA:174,14
DA:177,2
DA:190,2
DA:191,2
DA:192,14
DA:195,2
DA:208,5
DA:209,2
DA:211,3
DA:213,3
DA:214,3
DA:216,3
DA:232,1
DA:234,1
DA:235,6
DA:238,1
DA:239,1
DA:242,0
DA:243,0
DA:247,0
DA:249,0
DA:250,0
DA:265,1
DA:267,1
DA:268,6
DA:271,1
DA:272,1
DA:275,0
DA:276,0
DA:280,0
DA:282,0
DA:283,0
DA:296,4
DA:299,4
DA:300,3
DA:301,18
DA:303,3
DA:305,1
DA:306,6
DA:308,1
DA:312,1
DA:315,1
LF:98
LH:85
BRDA:7,0,0,11
BRDA:7,0,1,11
BRDA:7,1,0,11
BRDA:7,1,1,0
BRDA:7,2,0,1
BRDA:7,2,1,0
BRDA:7,3,0,0
BRDA:7,3,1,1
BRDA:21,4,0,1
BRDA:21,4,1,2
BRDA:21,5,0,3
BRDA:21,5,1,3
BRDA:23,6,0,0
BRDA:23,6,1,2
BRDA:73,7,0,1
BRDA:73,7,1,2
BRDA:73,8,0,3
BRDA:73,8,1,2
BRDA:73,8,2,2
BRDA:73,8,3,2
BRDA:77,9,0,2
BRDA:77,9,1,0
BRDA:107,10,0,1
BRDA:107,10,1,20
BRDA:107,11,0,21
BRDA:107,11,1,1
BRDA:133,12,0,1
BRDA:133,12,1,20
BRDA:195,13,0,0
BRDA:195,13,1,2
BRDA:208,14,0,2
BRDA:208,14,1,3
BRDA:235,15,0,6
BRDA:235,15,1,0
BRDA:238,16,0,1
BRDA:238,16,1,0
BRDA:238,17,0,1
BRDA:238,17,1,0
BRDA:238,17,2,0
BRDA:242,18,0,0
BRDA:242,18,1,0
BRDA:242,19,0,0
BRDA:242,19,1,0
BRDA:268,20,0,6
BRDA:268,20,1,0
BRDA:271,21,0,1
BRDA:271,21,1,0
BRDA:271,22,0,1
BRDA:271,22,1,0
BRDA:275,23,0,0
BRDA:275,23,1,0
BRDA:275,24,0,0
BRDA:275,24,1,0
BRDA:299,25,0,3
BRDA:299,25,1,1
BRDA:301,26,0,18
BRDA:301,26,1,12
BRF:57
BRH:36
end_of_record
TN:
SF:C:\xampp\htdocs\sendit-andela\server\build\routes\user.js
FN:11,_interopRequireDefault
FNF:1
FNH:1
FNDA:2,_interopRequireDefault
DA:3,1
DA:5,1
DA:7,1
DA:9,1
DA:11,2
DA:13,1
DA:20,1
DA:22,1
LF:8
LH:8
BRDA:11,0,0,1
BRDA:11,0,1,1
BRDA:11,1,0,2
BRDA:11,1,1,2
BRF:4
BRH:4
end_of_record
TN:
SF:C:\xampp\htdocs\sendit-andela\server\build\test-cov\models.test.js
FN:27,_interopRequireDefault
FN:52,(anonymous_1)
FN:53,(anonymous_2)
FN:54,(anonymous_3)
FN:58,(anonymous_4)
FN:62,(anonymous_5)
FN:66,(anonymous_6)
FN:70,(anonymous_7)
FN:74,(anonymous_8)
FN:79,(anonymous_9)
FN:80,(anonymous_10)
FN:84,(anonymous_11)
FN:89,(anonymous_12)
FN:90,(anonymous_13)
FN:94,(anonymous_14)
FN:98,(anonymous_15)
FN:102,(anonymous_16)
FN:106,(anonymous_17)
FN:112,(anonymous_18)
FN:113,(anonymous_19)
FN:117,(anonymous_20)
FN:121,(anonymous_21)
FN:125,(anonymous_22)
FN:130,(anonymous_23)
FN:134,(anonymous_24)
FN:138,(anonymous_25)
FN:142,(anonymous_26)
FN:146,(anonymous_27)
FN:155,(anonymous_28)
FN:156,(anonymous_29)
FN:160,(anonymous_30)
FN:164,(anonymous_31)
FN:170,(anonymous_32)
FN:171,(anonymous_33)
FN:178,(anonymous_34)
FN:179,(anonymous_35)
FN:194,(anonymous_36)
FN:195,(anonymous_37)
FN:204,(anonymous_38)
FN:205,(anonymous_39)
FN:210,(anonymous_40)
FN:211,(anonymous_41)
FN:216,(anonymous_42)
FN:217,(anonymous_43)
FN:223,(anonymous_44)
FN:224,(anonymous_45)
FN:237,(anonymous_46)
FN:239,(anonymous_47)
FN:240,(anonymous_48)
FN:241,(anonymous_49)
FN:254,(anonymous_50)
FN:255,(anonymous_51)
FN:259,(anonymous_52)
FN:265,(anonymous_53)
FN:269,(anonymous_54)
FN:277,(anonymous_55)
FN:278,(anonymous_56)
FN:281,(anonymous_57)
FN:287,(anonymous_58)
FN:290,(anonymous_59)
FN:297,(anonymous_60)
FN:298,(anonymous_61)
FN:304,(anonymous_62)
FN:305,(anonymous_63)
FN:311,(anonymous_64)
FN:312,(anonymous_65)
FN:318,(anonymous_66)
FN:319,(anonymous_67)
FN:322,(anonymous_68)
FN:328,(anonymous_69)
FN:331,(anonymous_70)
FN:337,(anonymous_71)
FN:340,(anonymous_72)
FN:346,(anonymous_73)
FN:349,(anonymous_74)
FN:360,(anonymous_75)
FN:362,(anonymous_76)
FN:363,(anonymous_77)
FN:370,(anonymous_78)
FN:371,(anonymous_79)
FN:378,(anonymous_80)
FN:379,(anonymous_81)
FN:389,(anonymous_82)
FN:391,(anonymous_83)
FN:395,(anonymous_84)
FN:402,(anonymous_85)
FN:405,(anonymous_86)
FN:411,(anonymous_87)
FN:412,(anonymous_88)
FN:418,(anonymous_89)
FN:419,(anonymous_90)
FN:429,(anonymous_91)
FN:434,(anonymous_92)
FN:435,(anonymous_93)
FN:441,(anonymous_94)
FN:442,(anonymous_95)
FN:448,(anonymous_96)
FN:449,(anonymous_97)
FN:456,(anonymous_98)
FN:457,(anonymous_99)
FN:458,(anonymous_100)
FNF:101
FNH:101
FNDA:6,_interopRequireDefault
FNDA:1,(anonymous_1)
FNDA:1,(anonymous_2)
FNDA:1,(anonymous_3)
FNDA:1,(anonymous_4)
FNDA:1,(anonymous_5)
FNDA:1,(anonymous_6)
FNDA:1,(anonymous_7)
FNDA:1,(anonymous_8)
FNDA:1,(anonymous_9)
FNDA:1,(anonymous_10)
FNDA:1,(anonymous_11)
FNDA:1,(anonymous_12)
FNDA:1,(anonymous_13)
FNDA:1,(anonymous_14)
FNDA:1,(anonymous_15)
FNDA:1,(anonymous_16)
FNDA:1,(anonymous_17)
FNDA:1,(anonymous_18)
FNDA:1,(anonymous_19)
FNDA:1,(anonymous_20)
FNDA:1,(anonymous_21)
FNDA:1,(anonymous_22)
FNDA:1,(anonymous_23)
FNDA:1,(anonymous_24)
FNDA:1,(anonymous_25)
FNDA:1,(anonymous_26)
FNDA:1,(anonymous_27)
FNDA:1,(anonymous_28)
FNDA:1,(anonymous_29)
FNDA:1,(anonymous_30)
FNDA:1,(anonymous_31)
FNDA:1,(anonymous_32)
FNDA:1,(anonymous_33)
FNDA:1,(anonymous_34)
FNDA:1,(anonymous_35)
FNDA:1,(anonymous_36)
FNDA:1,(anonymous_37)
FNDA:1,(anonymous_38)
FNDA:1,(anonymous_39)
FNDA:1,(anonymous_40)
FNDA:1,(anonymous_41)
FNDA:1,(anonymous_42)
FNDA:1,(anonymous_43)
FNDA:1,(anonymous_44)
FNDA:1,(anonymous_45)
FNDA:1,(anonymous_46)
FNDA:1,(anonymous_47)
FNDA:1,(anonymous_48)
FNDA:1,(anonymous_49)
FNDA:1,(anonymous_50)
FNDA:1,(anonymous_51)
FNDA:1,(anonymous_52)
FNDA:1,(anonymous_53)
FNDA:1,(anonymous_54)
FNDA:1,(anonymous_55)
FNDA:1,(anonymous_56)
FNDA:1,(anonymous_57)
FNDA:1,(anonymous_58)
FNDA:1,(anonymous_59)
FNDA:1,(anonymous_60)
FNDA:1,(anonymous_61)
FNDA:1,(anonymous_62)
FNDA:1,(anonymous_63)
FNDA:1,(anonymous_64)
FNDA:1,(anonymous_65)
FNDA:1,(anonymous_66)
FNDA:1,(anonymous_67)
FNDA:1,(anonymous_68)
FNDA:1,(anonymous_69)
FNDA:1,(anonymous_70)
FNDA:1,(anonymous_71)
FNDA:1,(anonymous_72)
FNDA:1,(anonymous_73)
FNDA:1,(anonymous_74)
FNDA:1,(anonymous_75)
FNDA:1,(anonymous_76)
FNDA:1,(anonymous_77)
FNDA:1,(anonymous_78)
FNDA:1,(anonymous_79)
FNDA:1,(anonymous_80)
FNDA:1,(anonymous_81)
FNDA:1,(anonymous_82)
FNDA:1,(anonymous_83)
FNDA:1,(anonymous_84)
FNDA:1,(anonymous_85)
FNDA:1,(anonymous_86)
FNDA:1,(anonymous_87)
FNDA:1,(anonymous_88)
FNDA:1,(anonymous_89)
FNDA:1,(anonymous_90)
FNDA:1,(anonymous_91)
FNDA:1,(anonymous_92)
FNDA:1,(anonymous_93)
FNDA:1,(anonymous_94)
FNDA:1,(anonymous_95)
FNDA:1,(anonymous_96)
FNDA:1,(anonymous_97)
FNDA:1,(anonymous_98)
FNDA:1,(anonymous_99)
FNDA:1,(anonymous_100)
DA:3,1
DA:5,1
DA:7,1
DA:9,1
DA:11,1
DA:13,1
DA:15,1
DA:17,1
DA:19,1
DA:21,1
DA:23,1
DA:25,1
DA:27,6
DA:31,1
DA:32,1
DA:34,1
DA:36,1
DA:37,1
DA:38,1
DA:39,1
DA:41,1
DA:52,1
DA:53,1
DA:54,1
DA:55,1
DA:58,1
DA:59,1
DA:62,1
DA:63,1
DA:66,1
DA:67,1
DA:70,1
DA:71,1
DA:74,1
DA:75,1
DA:79,1
DA:80,1
DA:81,1
DA:84,1
DA:85,1
DA:89,1
DA:90,1
DA:91,1
DA:94,1
DA:95,1
DA:98,1
DA:99,1
DA:102,1
DA:103,1
DA:106,1
DA:107,1
DA:108,1
DA:112,1
DA:113,1
DA:114,1
DA:117,1
DA:118,1
DA:121,1
DA:122,1
DA:125,1
DA:126,1
DA:127,1
DA:130,1
DA:131,1
DA:134,1
DA:135,1
DA:138,1
DA:139,1
DA:142,1
DA:143,1
DA:146,1
DA:147,1
DA:155,1
DA:156,1
DA:157,1
DA:160,1
DA:161,1
DA:164,1
DA:165,1
DA:170,1
DA:171,1
DA:172,1
DA:173,1
DA:174,1
DA:178,1
DA:179,1
DA:180,1
DA:181,1
DA:182,1
DA:183,1
DA:184,1
DA:185,1
DA:186,1
DA:187,1
DA:188,1
DA:189,1
DA:190,1
DA:194,1
DA:195,1
DA:196,1
DA:197,1
DA:198,1
DA:199,1
DA:200,1
DA:204,1
DA:205,1
DA:206,1
DA:210,1
DA:211,1
DA:212,1
DA:216,1
DA:217,1
DA:218,1
DA:219,1
DA:223,1
DA:224,1
DA:225,1
DA:226,1
DA:227,1
DA:228,1
DA:229,1
DA:230,1
DA:237,1
DA:239,1
DA:240,1
DA:241,1
DA:242,1
DA:243,1
DA:244,1
DA:245,1
DA:247,1
DA:248,1
DA:254,1
DA:255,1
DA:256,1
DA:257,1
DA:259,1
DA:260,1
DA:261,1
DA:265,1
DA:266,1
DA:267,1
DA:269,1
DA:270,1
DA:271,1
DA:277,1
DA:278,1
DA:279,1
DA:281,1
DA:282,1
DA:283,1
DA:287,1
DA:288,1
DA:290,1
DA:291,1
DA:292,1
DA:297,1
DA:298,1
DA:299,1
DA:300,1
DA:304,1
DA:305,1
DA:306,1
DA:307,1
DA:311,1
DA:312,1
DA:313,1
DA:314,1
DA:318,1
DA:319,1
DA:320,1
DA:321,1
DA:322,1
DA:323,1
DA:324,1
DA:328,1
DA:329,1
DA:330,1
DA:331,1
DA:332,1
DA:333,1
DA:337,1
DA:338,1
DA:339,1
DA:340,1
DA:341,1
DA:342,1
DA:346,1
DA:347,1
DA:348,1
DA:349,1
DA:350,1
DA:351,1
DA:360,1
DA:362,1
DA:363,1
DA:364,1
DA:365,1
DA:370,1
DA:371,1
DA:372,1
DA:373,1
DA:378,1
DA:379,1
DA:380,1
DA:381,1
DA:389,1
DA:391,1
DA:392,1
DA:393,1
DA:395,1
DA:396,1
DA:397,1
DA:402,1
DA:403,1
DA:405,1
DA:406,1
DA:407,1
DA:411,1
DA:412,1
DA:413,1
DA:414,1
DA:418,1
DA:419,1
DA:420,1
DA:421,1
DA:429,1
DA:430,1
DA:431,1
DA:432,1
DA:434,1
DA:435,1
DA:436,1
DA:437,1
DA:441,1
DA:442,1
DA:443,1
DA:444,1
DA:448,1
DA:449,1
DA:450,1
DA:451,1
DA:456,1
DA:457,1
DA:458,1
DA:459,1
DA:460,1
DA:461,1
DA:462,1
LF:249
LH:249
BRDA:27,0,0,4
BRDA:27,0,1,2
BRDA:27,1,0,6
BRDA:27,1,1,6
BRF:4
BRH:4
end_of_record
TN:
SF:C:\xampp\htdocs\sendit-andela\server\build\test-cov\routes.test.js
FN:15,_interopRequireDefault
FN:31,(anonymous_1)
FN:38,(anonymous_2)
FN:39,(anonymous_3)
FN:46,(anonymous_4)
FN:53,(anonymous_5)
FN:54,(anonymous_6)
FNF:7
FNH:7
FNDA:3,_interopRequireDefault
FNDA:1,(anonymous_1)
FNDA:1,(anonymous_2)
FNDA:1,(anonymous_3)
FNDA:1,(anonymous_4)
FNDA:1,(anonymous_5)
FNDA:1,(anonymous_6)
DA:3,1
DA:5,1
DA:7,1
DA:9,1
DA:11,1
DA:13,1
DA:15,3
DA:17,1
DA:18,1
DA:19,1
DA:22,1
DA:24,1
DA:31,1
DA:32,1
DA:38,1
DA:39,1
DA:40,1
DA:41,1
DA:46,1
DA:47,1
DA:53,1
DA:54,1
DA:55,1
DA:56,1
DA:57,1
LF:25
LH:25
BRDA:15,0,0,0
BRDA:15,0,1,3
BRDA:15,1,0,3
BRDA:15,1,1,3
BRF:4
BRH:3
end_of_record
